<?xml version="1.0" encoding="UTF-8"?>
<!-- Generated by org.testng.reporters.JUnitXMLReporter -->
<testsuite ignored="0" hostname="DESKTOP-I7TFLUD" failures="2" tests="14" name="Test" time="141.726" errors="0" timestamp="2024-04-01T15:47:48 IST">
  <testcase classname="com.testCases.TC_001_LoginTest" name="testLoginWithValidData" time="1.042"/>
  <testcase classname="com.testCases.TC_001_LoginTest" name="testLoginWithInvalidData" time="1.056">
    <skipped/>
  </testcase> <!-- testLoginWithInvalidData -->
  <testcase classname="com.testCases.TC_001_LoginTest" name="testLoginWithInvalidData" time="0.823">
    <skipped/>
  </testcase> <!-- testLoginWithInvalidData -->
  <testcase classname="com.testCases.TC_001_LoginTest" name="testLoginWithInvalidData" time="0.751">
    <failure type="java.lang.AssertionError" message="The following asserts failed:
	expected [true] but found [false]">
      <![CDATA[java.lang.AssertionError: The following asserts failed:
expected [true] but found [false]
at com.testCases.TC_001_LoginTest.testLoginWithInvalidData(TC_001_LoginTest.java:67)
at java.base/java.util.ArrayList.forEach(ArrayList.java:1511)
... Removed 27 stack frames]]>
    </failure>
  </testcase> <!-- testLoginWithInvalidData -->
  <testcase classname="com.testCases.TC_002_RegistrationTest" name="testRegistrationPageWithValideData" time="1.653"/>
  <testcase classname="com.testCases.TC_002_RegistrationTest" name="testRegistrationWithInvalidData" time="1.611">
    <skipped/>
  </testcase> <!-- testRegistrationWithInvalidData -->
  <testcase classname="com.testCases.TC_002_RegistrationTest" name="testRegistrationWithInvalidData" time="1.738">
    <skipped/>
  </testcase> <!-- testRegistrationWithInvalidData -->
  <testcase classname="com.testCases.TC_002_RegistrationTest" name="testRegistrationWithInvalidData" time="1.538">
    <failure type="java.lang.AssertionError" message="The following asserts failed:
	expected [true] but found [false]">
      <![CDATA[java.lang.AssertionError: The following asserts failed:
expected [true] but found [false]
at com.testCases.TC_002_RegistrationTest.testRegistrationWithInvalidData(TC_002_RegistrationTest.java:97)
at java.base/java.util.ArrayList.forEach(ArrayList.java:1511)
... Removed 27 stack frames]]>
    </failure>
  </testcase> <!-- testRegistrationWithInvalidData -->
  <testcase classname="com.testCases.TC_003_SearchItem_addCart" name="searchItemAndToCart" time="2.483"/>
  <testcase classname="com.testCases.TC_003_SearchItem_addCart" name="searchItemAndToCart" time="1.985"/>
  <testcase classname="com.testCases.TC_003_SearchItem_addCart" name="searchItemAndToCart" time="1.745"/>
  <testcase classname="com.testCases.TC_003_SearchItem_addCart" name="searchItemAndToCart" time="1.811"/>
  <testcase classname="com.testCases.TC_003_SearchItem_addCart" name="searchItemAndToCart" time="1.812"/>
  <testcase classname="com.testCases.TC_003_SearchItem_addCart" name="searchItemAndToCart" time="1.897"/>
</testsuite> <!-- Test -->
