<!DOCTYPE html PUBLIC "-//W3C//DTD XHTML 1.1//EN" "https://www.w3.org/TR/xhtml11/DTD/xhtml11.dtd">
<html xmlns="https://www.w3.org/1999/xhtml">
<head>
<meta http-equiv="content-type" content="text/html; charset=UTF-8"/>
<title>TestNG Report</title>
<style type="text/css">table {margin-bottom:10px;border-collapse:collapse;empty-cells:show}th,td {border:1px solid #009;padding:.25em .5em}th {vertical-align:bottom}td {vertical-align:top}table a {font-weight:bold}.stripe td {background-color: #E6EBF9}.num {text-align:right}.passedodd td {background-color: #3F3}.passedeven td {background-color: #0A0}.skippedodd td {background-color: #DDD}.skippedeven td {background-color: #CCC}.failedodd td,.attn {background-color: #F33}.failedeven td,.stripe .attn {background-color: #D00}.stacktrace {white-space:pre;font-family:monospace}.totop {font-size:85%;text-align:center;border-bottom:2px solid #000}.invisible {display:none}</style>
</head>
<body>
<table>
<tr><th>Test</th><th># Passed</th><th># Skipped</th><th># Retried</th><th># Failed</th><th>Time (ms)</th><th>Included Groups</th><th>Excluded Groups</th></tr>
<tr><th colspan="8">BookShellSuite</th></tr>
<tr><td><a href="#t0">Test</a></td><td class="num">8</td><td class="num">0</td><td class="num attn">4</td><td class="num attn">2</td><td class="num">141,726</td><td></td><td></td></tr>
</table>
<table id='summary'><thead><tr><th>Class</th><th>Method</th><th>Start</th><th>Time (ms)</th></tr></thead><tbody><tr><th colspan="4">BookShellSuite</th></tr></tbody><tbody id="t0"><tr><th colspan="4">Test &#8212; failed</th></tr><tr class="failedeven"><td rowspan="1">com.testCases.TC_001_LoginTest</td><td><a href="#m0">testLoginWithInvalidData</a></td><td rowspan="1">1711966576365</td><td rowspan="1">751</td></tr><tr class="failedodd"><td rowspan="1">com.testCases.TC_002_RegistrationTest</td><td><a href="#m1">testRegistrationWithInvalidData</a></td><td rowspan="1">1711966609936</td><td rowspan="1">1538</td></tr><tr><th colspan="4">Test &#8212; retried</th></tr><tr class="retriedeven"><td rowspan="2">com.testCases.TC_001_LoginTest</td><td><a href="#m2">testLoginWithInvalidData</a></td><td rowspan="2">1711966565836</td><td rowspan="2">823</td></tr><tr class="retriedeven"><td><a href="#m3">testLoginWithInvalidData</a></td></tr><tr class="retriedodd"><td rowspan="2">com.testCases.TC_002_RegistrationTest</td><td><a href="#m4">testRegistrationWithInvalidData</a></td><td rowspan="2">1711966592275</td><td rowspan="2">1611</td></tr><tr class="retriedodd"><td><a href="#m5">testRegistrationWithInvalidData</a></td></tr><tr><th colspan="4">Test &#8212; passed</th></tr><tr class="passedeven"><td rowspan="1">com.testCases.TC_001_LoginTest</td><td><a href="#m6">testLoginWithValidData</a></td><td rowspan="1">1711966545830</td><td rowspan="1">1042</td></tr><tr class="passedodd"><td rowspan="1">com.testCases.TC_002_RegistrationTest</td><td><a href="#m7">testRegistrationPageWithValideData</a></td><td rowspan="1">1711966583596</td><td rowspan="1">1653</td></tr><tr class="passedeven"><td rowspan="6">com.testCases.TC_003_SearchItem_addCart</td><td><a href="#m8">searchItemAndToCart</a></td><td rowspan="6">1711966621603</td><td rowspan="6">2483</td></tr><tr class="passedeven"><td><a href="#m9">searchItemAndToCart</a></td></tr><tr class="passedeven"><td><a href="#m10">searchItemAndToCart</a></td></tr><tr class="passedeven"><td><a href="#m11">searchItemAndToCart</a></td></tr><tr class="passedeven"><td><a href="#m12">searchItemAndToCart</a></td></tr><tr class="passedeven"><td><a href="#m13">searchItemAndToCart</a></td></tr></tbody>
</table>
<h2>Test</h2><h3 id="m0">com.testCases.TC_001_LoginTest#testLoginWithInvalidData</h3><table class="result"><tr><th>Exception</th></tr><tr><td><div class="stacktrace">java.lang.AssertionError: The following asserts failed:
	expected [true] but found [false]
	at com.testCases.TC_001_LoginTest.testLoginWithInvalidData(TC_001_LoginTest.java:67)
	at java.base/java.util.ArrayList.forEach(ArrayList.java:1511)
... Removed 27 stack frames</div></td></tr></table><p class="totop"><a href="#summary">back to summary</a></p>
<h3 id="m1">com.testCases.TC_002_RegistrationTest#testRegistrationWithInvalidData</h3><table class="result"><tr><th>Exception</th></tr><tr><td><div class="stacktrace">java.lang.AssertionError: The following asserts failed:
	expected [true] but found [false]
	at com.testCases.TC_002_RegistrationTest.testRegistrationWithInvalidData(TC_002_RegistrationTest.java:97)
	at java.base/java.util.ArrayList.forEach(ArrayList.java:1511)
... Removed 27 stack frames</div></td></tr></table><p class="totop"><a href="#summary">back to summary</a></p>
<h3 id="m2">com.testCases.TC_001_LoginTest#testLoginWithInvalidData</h3><table class="result"><tr><th>Exception</th></tr><tr><td><div class="stacktrace">java.lang.AssertionError: The following asserts failed:
	expected [true] but found [false]
	at com.testCases.TC_001_LoginTest.testLoginWithInvalidData(TC_001_LoginTest.java:67)
	at java.base/java.util.ArrayList.forEach(ArrayList.java:1511)
... Removed 27 stack frames</div></td></tr></table><p class="totop"><a href="#summary">back to summary</a></p>
<h3 id="m3">com.testCases.TC_001_LoginTest#testLoginWithInvalidData</h3><table class="result"><tr><th>Exception</th></tr><tr><td><div class="stacktrace">java.lang.AssertionError: The following asserts failed:
	expected [true] but found [false]
	at com.testCases.TC_001_LoginTest.testLoginWithInvalidData(TC_001_LoginTest.java:67)
	at java.base/java.util.ArrayList.forEach(ArrayList.java:1511)
... Removed 27 stack frames</div></td></tr></table><p class="totop"><a href="#summary">back to summary</a></p>
<h3 id="m4">com.testCases.TC_002_RegistrationTest#testRegistrationWithInvalidData</h3><table class="result"><tr><th>Exception</th></tr><tr><td><div class="stacktrace">java.lang.AssertionError: The following asserts failed:
	expected [true] but found [false]
	at com.testCases.TC_002_RegistrationTest.testRegistrationWithInvalidData(TC_002_RegistrationTest.java:97)
	at java.base/java.util.ArrayList.forEach(ArrayList.java:1511)
... Removed 27 stack frames</div></td></tr></table><p class="totop"><a href="#summary">back to summary</a></p>
<h3 id="m5">com.testCases.TC_002_RegistrationTest#testRegistrationWithInvalidData</h3><table class="result"><tr><th>Exception</th></tr><tr><td><div class="stacktrace">java.lang.AssertionError: The following asserts failed:
	expected [true] but found [false]
	at com.testCases.TC_002_RegistrationTest.testRegistrationWithInvalidData(TC_002_RegistrationTest.java:97)
	at java.base/java.util.ArrayList.forEach(ArrayList.java:1511)
... Removed 27 stack frames</div></td></tr></table><p class="totop"><a href="#summary">back to summary</a></p>
<h3 id="m6">com.testCases.TC_001_LoginTest#testLoginWithValidData</h3><table class="result"><tr><th class="invisible"/></tr></table><p class="totop"><a href="#summary">back to summary</a></p>
<h3 id="m7">com.testCases.TC_002_RegistrationTest#testRegistrationPageWithValideData</h3><table class="result"><tr><th class="invisible"/></tr></table><p class="totop"><a href="#summary">back to summary</a></p>
<h3 id="m8">com.testCases.TC_003_SearchItem_addCart#searchItemAndToCart</h3><table class="result"><tr class="param"><th>Parameter #1</th></tr><tr class="param stripe"><td>Dr. Strange Beard</td></tr></table><p class="totop"><a href="#summary">back to summary</a></p>
<h3 id="m9">com.testCases.TC_003_SearchItem_addCart#searchItemAndToCart</h3><table class="result"><tr class="param"><th>Parameter #1</th></tr><tr class="param stripe"><td>Birthday Girl</td></tr></table><p class="totop"><a href="#summary">back to summary</a></p>
<h3 id="m10">com.testCases.TC_003_SearchItem_addCart#searchItemAndToCart</h3><table class="result"><tr class="param"><th>Parameter #1</th></tr><tr class="param stripe"><td>The Chosen</td></tr></table><p class="totop"><a href="#summary">back to summary</a></p>
<h3 id="m11">com.testCases.TC_003_SearchItem_addCart#searchItemAndToCart</h3><table class="result"><tr class="param"><th>Parameter #1</th></tr><tr class="param stripe"><td>mrs. everything</td></tr></table><p class="totop"><a href="#summary">back to summary</a></p>
<h3 id="m12">com.testCases.TC_003_SearchItem_addCart#searchItemAndToCart</h3><table class="result"><tr class="param"><th>Parameter #1</th></tr><tr class="param stripe"><td>The Simple Wild</td></tr></table><p class="totop"><a href="#summary">back to summary</a></p>
<h3 id="m13">com.testCases.TC_003_SearchItem_addCart#searchItemAndToCart</h3><table class="result"><tr class="param"><th>Parameter #1</th></tr><tr class="param stripe"><td>Slayer</td></tr></table><p class="totop"><a href="#summary">back to summary</a></p>
</body>
</html>
